0 info it worked if it ends with ok
1 verbose cli [ 'node', '/usr/local/bin/npm', 'install', '-g', 'src/', 'build/' ]
2 info using npm@1.3.11
3 info using node@v0.10.20
4 verbose cache add [ 'src/', null ]
5 verbose cache add name=undefined spec="src/" args=["src/",null]
6 verbose parsed url { protocol: null,
6 verbose parsed url   slashes: null,
6 verbose parsed url   auth: null,
6 verbose parsed url   host: null,
6 verbose parsed url   port: null,
6 verbose parsed url   hostname: null,
6 verbose parsed url   hash: null,
6 verbose parsed url   search: null,
6 verbose parsed url   query: null,
6 verbose parsed url   pathname: 'src/',
6 verbose parsed url   path: 'src/',
6 verbose parsed url   href: 'src/' }
7 verbose cache add [ 'build/', null ]
8 verbose cache add name=undefined spec="build/" args=["build/",null]
9 verbose parsed url { protocol: null,
9 verbose parsed url   slashes: null,
9 verbose parsed url   auth: null,
9 verbose parsed url   host: null,
9 verbose parsed url   port: null,
9 verbose parsed url   hostname: null,
9 verbose parsed url   hash: null,
9 verbose parsed url   search: null,
9 verbose parsed url   query: null,
9 verbose parsed url   pathname: 'build/',
9 verbose parsed url   path: 'build/',
9 verbose parsed url   href: 'build/' }
10 silly lockFile 984e76fd-src src/
11 verbose lock src/ /Users/jwoo/.npm/984e76fd-src.lock
12 silly lockFile ad28dbf1-build build/
13 verbose lock build/ /Users/jwoo/.npm/ad28dbf1-build.lock
14 silly lockFile 984e76fd-src src/
15 silly lockFile 984e76fd-src src/
16 silly lockFile ad28dbf1-build build/
17 silly lockFile ad28dbf1-build build/
18 error addLocal Could not install src/
19 error Error: ENOENT, open 'src/package.json'
20 error If you need help, you may report this log at:
20 error     <http://github.com/isaacs/npm/issues>
20 error or email it to:
20 error     <npm-@googlegroups.com>
21 error System Darwin 13.0.0
22 error command "node" "/usr/local/bin/npm" "install" "-g" "src/" "build/"
23 error cwd /Users/jwoo/react/react_demo/react-0.9.0
24 error node -v v0.10.20
25 error npm -v 1.3.11
26 error path src/package.json
27 error code ENOENT
28 error errno 34
29 verbose exit [ 34, true ]
